c:\users\maros\documents\visual studio 2015\projects\testy\cube\debug\vc140.pdb
c:\users\maros\documents\visual studio 2015\projects\testy\cube\debug\vc140.idb
c:\users\maros\documents\visual studio 2015\projects\testy\cube\debug\getsegments.obj
c:\users\maros\documents\visual studio 2015\projects\testy\cube\debug\imadjust.obj
c:\users\maros\documents\visual studio 2015\projects\testy\cube\debug\main.obj
c:\users\maros\documents\visual studio 2015\projects\testy\cube\debug\mark.obj
c:\users\maros\documents\visual studio 2015\projects\testy\cube\debug\segments.obj
c:\users\maros\documents\visual studio 2015\projects\testy\cube\debug\templatematch.obj
c:\users\maros\documents\visual studio 2015\projects\cube2\cube\debug\vc140.pdb
c:\users\maros\documents\visual studio 2015\projects\cube2\cube\debug\vc140.idb
c:\users\maros\documents\visual studio 2015\projects\cube2\cube\debug\getsegments.obj
c:\users\maros\documents\visual studio 2015\projects\cube2\cube\debug\mark.obj
c:\users\maros\documents\visual studio 2015\projects\cube2\cube\debug\segments.obj
c:\users\maros\documents\visual studio 2015\projects\cube2\cube\debug\templatematch.obj
c:\users\maros\documents\visual studio 2015\projects\cube2\cube\debug\imadjust.obj
c:\users\maros\documents\visual studio 2015\projects\testy\debug\cube.ilk
c:\users\maros\documents\visual studio 2015\projects\testy\debug\cube.exe
c:\users\maros\documents\visual studio 2015\projects\testy\debug\cube.pdb
c:\users\maros\documents\visual studio 2015\projects\cube2\debug\cube.pdb
c:\users\maros\documents\visual studio 2015\projects\cube2\debug\cube.exe
c:\users\maros\documents\visual studio 2015\projects\cube2\debug\cube.ilk
c:\users\maros\documents\visual studio 2015\projects\cube2\cube\debug\cube.tlog\cl.command.1.tlog
c:\users\maros\documents\visual studio 2015\projects\cube2\cube\debug\cube.tlog\cl.read.1.tlog
c:\users\maros\documents\visual studio 2015\projects\cube2\cube\debug\cube.tlog\cl.write.1.tlog
c:\users\maros\documents\visual studio 2015\projects\cube2\cube\debug\cube.tlog\link.command.1.tlog
c:\users\maros\documents\visual studio 2015\projects\cube2\cube\debug\cube.tlog\link.read.1.tlog
c:\users\maros\documents\visual studio 2015\projects\cube2\cube\debug\cube.tlog\link.write.1.tlog
