  main.cpp
  getsegments.cpp
c:\maros\vysoka skola\diplomka\prilohydp\cubevs2015\cube\getsegments.cpp(78): warning C4018: '<': signed/unsigned mismatch
c:\maros\vysoka skola\diplomka\prilohydp\cubevs2015\cube\getsegments.cpp(96): warning C4018: '<': signed/unsigned mismatch
c:\maros\vysoka skola\diplomka\prilohydp\cubevs2015\cube\getsegments.cpp(132): warning C4018: '<': signed/unsigned mismatch
c:\maros\vysoka skola\diplomka\prilohydp\cubevs2015\cube\getsegments.cpp(141): warning C4018: '<': signed/unsigned mismatch
c:\maros\vysoka skola\diplomka\prilohydp\cubevs2015\cube\getsegments.cpp(173): warning C4018: '<': signed/unsigned mismatch
c:\maros\vysoka skola\diplomka\prilohydp\cubevs2015\cube\getsegments.cpp(188): warning C4244: 'argument': conversion from 'int' to 'float', possible loss of data
c:\maros\vysoka skola\diplomka\prilohydp\cubevs2015\cube\getsegments.cpp(189): warning C4244: 'argument': conversion from 'int' to 'float', possible loss of data
c:\maros\vysoka skola\diplomka\prilohydp\cubevs2015\cube\getsegments.cpp(190): warning C4244: 'argument': conversion from 'int' to 'float', possible loss of data
c:\maros\vysoka skola\diplomka\prilohydp\cubevs2015\cube\getsegments.cpp(252): warning C4018: '<': signed/unsigned mismatch
  Generating Code...
segments.obj : error LNK2001: unresolved external symbol "void __cdecl cv::fastFree(void *)" (?fastFree@cv@@YAXPAX@Z)
templatematch.obj : error LNK2001: unresolved external symbol "void __cdecl cv::fastFree(void *)" (?fastFree@cv@@YAXPAX@Z)
getsegments.obj : error LNK2001: unresolved external symbol "void __cdecl cv::fastFree(void *)" (?fastFree@cv@@YAXPAX@Z)
imadjust.obj : error LNK2001: unresolved external symbol "void __cdecl cv::fastFree(void *)" (?fastFree@cv@@YAXPAX@Z)
main.obj : error LNK2001: unresolved external symbol "void __cdecl cv::fastFree(void *)" (?fastFree@cv@@YAXPAX@Z)
mark.obj : error LNK2001: unresolved external symbol "void __cdecl cv::fastFree(void *)" (?fastFree@cv@@YAXPAX@Z)
segments.obj : error LNK2001: unresolved external symbol "private: char * __thiscall cv::String::allocate(unsigned int)" (?allocate@String@cv@@AAEPADI@Z)
templatematch.obj : error LNK2001: unresolved external symbol "private: char * __thiscall cv::String::allocate(unsigned int)" (?allocate@String@cv@@AAEPADI@Z)
getsegments.obj : error LNK2001: unresolved external symbol "private: char * __thiscall cv::String::allocate(unsigned int)" (?allocate@String@cv@@AAEPADI@Z)
imadjust.obj : error LNK2001: unresolved external symbol "private: char * __thiscall cv::String::allocate(unsigned int)" (?allocate@String@cv@@AAEPADI@Z)
main.obj : error LNK2001: unresolved external symbol "private: char * __thiscall cv::String::allocate(unsigned int)" (?allocate@String@cv@@AAEPADI@Z)
mark.obj : error LNK2001: unresolved external symbol "private: char * __thiscall cv::String::allocate(unsigned int)" (?allocate@String@cv@@AAEPADI@Z)
segments.obj : error LNK2001: unresolved external symbol "private: void __thiscall cv::String::deallocate(void)" (?deallocate@String@cv@@AAEXXZ)
templatematch.obj : error LNK2001: unresolved external symbol "private: void __thiscall cv::String::deallocate(void)" (?deallocate@String@cv@@AAEXXZ)
getsegments.obj : error LNK2001: unresolved external symbol "private: void __thiscall cv::String::deallocate(void)" (?deallocate@String@cv@@AAEXXZ)
imadjust.obj : error LNK2001: unresolved external symbol "private: void __thiscall cv::String::deallocate(void)" (?deallocate@String@cv@@AAEXXZ)
main.obj : error LNK2001: unresolved external symbol "private: void __thiscall cv::String::deallocate(void)" (?deallocate@String@cv@@AAEXXZ)
mark.obj : error LNK2001: unresolved external symbol "private: void __thiscall cv::String::deallocate(void)" (?deallocate@String@cv@@AAEXXZ)
segments.obj : error LNK2001: unresolved external symbol "void __cdecl cv::error(int,class cv::String const &,char const *,char const *,int)" (?error@cv@@YAXHABVString@1@PBD1H@Z)
templatematch.obj : error LNK2001: unresolved external symbol "void __cdecl cv::error(int,class cv::String const &,char const *,char const *,int)" (?error@cv@@YAXHABVString@1@PBD1H@Z)
getsegments.obj : error LNK2001: unresolved external symbol "void __cdecl cv::error(int,class cv::String const &,char const *,char const *,int)" (?error@cv@@YAXHABVString@1@PBD1H@Z)
imadjust.obj : error LNK2001: unresolved external symbol "void __cdecl cv::error(int,class cv::String const &,char const *,char const *,int)" (?error@cv@@YAXHABVString@1@PBD1H@Z)
main.obj : error LNK2001: unresolved external symbol "void __cdecl cv::error(int,class cv::String const &,char const *,char const *,int)" (?error@cv@@YAXHABVString@1@PBD1H@Z)
mark.obj : error LNK2001: unresolved external symbol "void __cdecl cv::error(int,class cv::String const &,char const *,char const *,int)" (?error@cv@@YAXHABVString@1@PBD1H@Z)
getsegments.obj : error LNK2019: unresolved external symbol "class cv::_InputOutputArray const & __cdecl cv::noArray(void)" (?noArray@cv@@YAABV_InputOutputArray@1@XZ) referenced in function "public: class std::vector<class segment,class std::allocator<class segment> > __thiscall getsegments::persTransf(class cv::Mat &,class std::vector<class std::vector<class cv::Point_<float>,class std::allocator<class cv::Point_<float> > >,class std::allocator<class std::vector<class cv::Point_<float>,class std::allocator<class cv::Point_<float> > > > >)" (?persTransf@getsegments@@QAE?AV?$vector@Vsegment@@V?$allocator@Vsegment@@@std@@@std@@AAVMat@cv@@V?$vector@V?$vector@V?$Point_@M@cv@@V?$allocator@V?$Point_@M@cv@@@std@@@std@@V?$allocator@V?$vector@V?$Point_@M@cv@@V?$allocator@V?$Point_@M@cv@@@std@@@std@@@2@@3@@Z)
imadjust.obj : error LNK2001: unresolved external symbol "class cv::_InputOutputArray const & __cdecl cv::noArray(void)" (?noArray@cv@@YAABV_InputOutputArray@1@XZ)
mark.obj : error LNK2001: unresolved external symbol "class cv::_InputOutputArray const & __cdecl cv::noArray(void)" (?noArray@cv@@YAABV_InputOutputArray@1@XZ)
segments.obj : error LNK2001: unresolved external symbol "class cv::_InputOutputArray const & __cdecl cv::noArray(void)" (?noArray@cv@@YAABV_InputOutputArray@1@XZ)
getsegments.obj : error LNK2019: unresolved external symbol "public: __thiscall cv::Mat::Mat(class cv::Mat const &,class cv::Rect_<int> const &)" (??0Mat@cv@@QAE@ABV01@ABV?$Rect_@H@1@@Z) referenced in function "public: class cv::Mat __thiscall cv::Mat::operator()(class cv::Rect_<int> const &)const " (??RMat@cv@@QBE?AV01@ABV?$Rect_@H@1@@Z)
mark.obj : error LNK2001: unresolved external symbol "public: __thiscall cv::Mat::Mat(class cv::Mat const &,class cv::Rect_<int> const &)" (??0Mat@cv@@QAE@ABV01@ABV?$Rect_@H@1@@Z)
getsegments.obj : error LNK2019: unresolved external symbol "public: void __thiscall cv::Mat::copyTo(class cv::_OutputArray const &)const " (?copyTo@Mat@cv@@QBEXABV_OutputArray@2@@Z) referenced in function "public: __thiscall cv::Mat::Mat<class cv::Point_<int> >(class std::vector<class cv::Point_<int>,class std::allocator<class cv::Point_<int> > > const &,bool)" (??$?0V?$Point_@H@cv@@@Mat@cv@@QAE@ABV?$vector@V?$Point_@H@cv@@V?$allocator@V?$Point_@H@cv@@@std@@@std@@_N@Z)
imadjust.obj : error LNK2001: unresolved external symbol "public: void __thiscall cv::Mat::copyTo(class cv::_OutputArray const &)const " (?copyTo@Mat@cv@@QBEXABV_OutputArray@2@@Z)
mark.obj : error LNK2001: unresolved external symbol "public: void __thiscall cv::Mat::copyTo(class cv::_OutputArray const &)const " (?copyTo@Mat@cv@@QBEXABV_OutputArray@2@@Z)
segments.obj : error LNK2001: unresolved external symbol "public: void __thiscall cv::Mat::copyTo(class cv::_OutputArray const &)const " (?copyTo@Mat@cv@@QBEXABV_OutputArray@2@@Z)
getsegments.obj : error LNK2019: unresolved external symbol "public: static class cv::MatExpr __cdecl cv::Mat::zeros(int,int,int)" (?zeros@Mat@cv@@SA?AVMatExpr@2@HHH@Z) referenced in function "public: class cv::Mat __thiscall getsegments::getMatofSegments(void)" (?getMatofSegments@getsegments@@QAE?AVMat@cv@@XZ)
mark.obj : error LNK2001: unresolved external symbol "public: static class cv::MatExpr __cdecl cv::Mat::zeros(int,int,int)" (?zeros@Mat@cv@@SA?AVMatExpr@2@HHH@Z)
templatematch.obj : error LNK2001: unresolved external symbol "public: static class cv::MatExpr __cdecl cv::Mat::zeros(int,int,int)" (?zeros@Mat@cv@@SA?AVMatExpr@2@HHH@Z)
getsegments.obj : error LNK2019: unresolved external symbol "public: static class cv::MatExpr __cdecl cv::Mat::zeros(class cv::Size_<int>,int)" (?zeros@Mat@cv@@SA?AVMatExpr@2@V?$Size_@H@2@H@Z) referenced in function "public: __thiscall getsegments::getsegments(class cv::Size_<int>)" (??0getsegments@@QAE@V?$Size_@H@cv@@@Z)
segments.obj : error LNK2001: unresolved external symbol "public: void __thiscall cv::Mat::deallocate(void)" (?deallocate@Mat@cv@@QAEXXZ)
templatematch.obj : error LNK2001: unresolved external symbol "public: void __thiscall cv::Mat::deallocate(void)" (?deallocate@Mat@cv@@QAEXXZ)
getsegments.obj : error LNK2001: unresolved external symbol "public: void __thiscall cv::Mat::deallocate(void)" (?deallocate@Mat@cv@@QAEXXZ)
imadjust.obj : error LNK2001: unresolved external symbol "public: void __thiscall cv::Mat::deallocate(void)" (?deallocate@Mat@cv@@QAEXXZ)
main.obj : error LNK2001: unresolved external symbol "public: void __thiscall cv::Mat::deallocate(void)" (?deallocate@Mat@cv@@QAEXXZ)
mark.obj : error LNK2001: unresolved external symbol "public: void __thiscall cv::Mat::deallocate(void)" (?deallocate@Mat@cv@@QAEXXZ)
segments.obj : error LNK2001: unresolved external symbol "public: void __thiscall cv::Mat::copySize(class cv::Mat const &)" (?copySize@Mat@cv@@QAEXABV12@@Z)
templatematch.obj : error LNK2001: unresolved external symbol "public: void __thiscall cv::Mat::copySize(class cv::Mat const &)" (?copySize@Mat@cv@@QAEXABV12@@Z)
getsegments.obj : error LNK2001: unresolved external symbol "public: void __thiscall cv::Mat::copySize(class cv::Mat const &)" (?copySize@Mat@cv@@QAEXABV12@@Z)
imadjust.obj : error LNK2001: unresolved external symbol "public: void __thiscall cv::Mat::copySize(class cv::Mat const &)" (?copySize@Mat@cv@@QAEXABV12@@Z)
main.obj : error LNK2001: unresolved external symbol "public: void __thiscall cv::Mat::copySize(class cv::Mat const &)" (?copySize@Mat@cv@@QAEXABV12@@Z)
mark.obj : error LNK2001: unresolved external symbol "public: void __thiscall cv::Mat::copySize(class cv::Mat const &)" (?copySize@Mat@cv@@QAEXABV12@@Z)
getsegments.obj : error LNK2019: unresolved external symbol "void __cdecl cv::meanStdDev(class cv::_InputArray const &,class cv::_OutputArray const &,class cv::_OutputArray const &,class cv::_InputArray const &)" (?meanStdDev@cv@@YAXABV_InputArray@1@ABV_OutputArray@1@10@Z) referenced in function "public: class std::vector<class segment,class std::allocator<class segment> > __thiscall getsegments::persTransf(class cv::Mat &,class std::vector<class std::vector<class cv::Point_<float>,class std::allocator<class cv::Point_<float> > >,class std::allocator<class std::vector<class cv::Point_<float>,class std::allocator<class cv::Point_<float> > > > >)" (?persTransf@getsegments@@QAE?AV?$vector@Vsegment@@V?$allocator@Vsegment@@@std@@@std@@AAVMat@cv@@V?$vector@V?$vector@V?$Point_@M@cv@@V?$allocator@V?$Point_@M@cv@@@std@@@std@@V?$allocator@V?$vector@V?$Point_@M@cv@@V?$allocator@V?$Point_@M@cv@@@std@@@std@@@2@@3@@Z)
getsegments.obj : error LNK2019: unresolved external symbol "void __cdecl cv::warpPerspective(class cv::_InputArray const &,class cv::_OutputArray const &,class cv::_InputArray const &,class cv::Size_<int>,int,int,class cv::Scalar_<double> const &)" (?warpPerspective@cv@@YAXABV_InputArray@1@ABV_OutputArray@1@0V?$Size_@H@1@HHABV?$Scalar_@N@1@@Z) referenced in function "public: class std::vector<class segment,class std::allocator<class segment> > __thiscall getsegments::persTransf(class cv::Mat &,class std::vector<class std::vector<class cv::Point_<float>,class std::allocator<class cv::Point_<float> > >,class std::allocator<class std::vector<class cv::Point_<float>,class std::allocator<class cv::Point_<float> > > > >)" (?persTransf@getsegments@@QAE?AV?$vector@Vsegment@@V?$allocator@Vsegment@@@std@@@std@@AAVMat@cv@@V?$vector@V?$vector@V?$Point_@M@cv@@V?$allocator@V?$Point_@M@cv@@@std@@@std@@V?$allocator@V?$vector@V?$Point_@M@cv@@V?$allocator@V?$Point_@M@cv@@@std@@@std@@@2@@3@@Z)
getsegments.obj : error LNK2019: unresolved external symbol "class cv::Mat __cdecl cv::getPerspectiveTransform(class cv::_InputArray const &,class cv::_InputArray const &)" (?getPerspectiveTransform@cv@@YA?AVMat@1@ABV_InputArray@1@0@Z) referenced in function "public: class std::vector<class segment,class std::allocator<class segment> > __thiscall getsegments::persTransf(class cv::Mat &,class std::vector<class std::vector<class cv::Point_<float>,class std::allocator<class cv::Point_<float> > >,class std::allocator<class std::vector<class cv::Point_<float>,class std::allocator<class cv::Point_<float> > > > >)" (?persTransf@getsegments@@QAE?AV?$vector@Vsegment@@V?$allocator@Vsegment@@@std@@@std@@AAVMat@cv@@V?$vector@V?$vector@V?$Point_@M@cv@@V?$allocator@V?$Point_@M@cv@@@std@@@std@@V?$allocator@V?$vector@V?$Point_@M@cv@@V?$allocator@V?$Point_@M@cv@@@std@@@std@@@2@@3@@Z)
getsegments.obj : error LNK2019: unresolved external symbol "void __cdecl cv::cvtColor(class cv::_InputArray const &,class cv::_OutputArray const &,int,int)" (?cvtColor@cv@@YAXABV_InputArray@1@ABV_OutputArray@1@HH@Z) referenced in function "public: void __thiscall getsegments::findContour(class cv::Mat,class cv::Mat,class cv::Mat)" (?findContour@getsegments@@QAEXVMat@cv@@00@Z)
imadjust.obj : error LNK2001: unresolved external symbol "void __cdecl cv::cvtColor(class cv::_InputArray const &,class cv::_OutputArray const &,int,int)" (?cvtColor@cv@@YAXABV_InputArray@1@ABV_OutputArray@1@HH@Z)
segments.obj : error LNK2001: unresolved external symbol "void __cdecl cv::cvtColor(class cv::_InputArray const &,class cv::_OutputArray const &,int,int)" (?cvtColor@cv@@YAXABV_InputArray@1@ABV_OutputArray@1@HH@Z)
getsegments.obj : error LNK2019: unresolved external symbol "void __cdecl cv::findContours(class cv::_InputOutputArray const &,class cv::_OutputArray const &,int,int,class cv::Point_<int>)" (?findContours@cv@@YAXABV_InputOutputArray@1@ABV_OutputArray@1@HHV?$Point_@H@1@@Z) referenced in function "public: void __thiscall getsegments::findContour(class cv::Mat,class cv::Mat,class cv::Mat)" (?findContour@getsegments@@QAEXVMat@cv@@00@Z)
getsegments.obj : error LNK2019: unresolved external symbol "void __cdecl cv::approxPolyDP(class cv::_InputArray const &,class cv::_OutputArray const &,double,bool)" (?approxPolyDP@cv@@YAXABV_InputArray@1@ABV_OutputArray@1@N_N@Z) referenced in function "public: void __thiscall getsegments::findContour(class cv::Mat,class cv::Mat,class cv::Mat)" (?findContour@getsegments@@QAEXVMat@cv@@00@Z)
getsegments.obj : error LNK2019: unresolved external symbol "double __cdecl cv::arcLength(class cv::_InputArray const &,bool)" (?arcLength@cv@@YANABV_InputArray@1@_N@Z) referenced in function "public: void __thiscall getsegments::findContour(class cv::Mat,class cv::Mat,class cv::Mat)" (?findContour@getsegments@@QAEXVMat@cv@@00@Z)
getsegments.obj : error LNK2019: unresolved external symbol "double __cdecl cv::contourArea(class cv::_InputArray const &,bool)" (?contourArea@cv@@YANABV_InputArray@1@_N@Z) referenced in function "public: void __thiscall getsegments::findContour(class cv::Mat,class cv::Mat,class cv::Mat)" (?findContour@getsegments@@QAEXVMat@cv@@00@Z)
segments.obj : error LNK2001: unresolved external symbol "double __cdecl cv::contourArea(class cv::_InputArray const &,bool)" (?contourArea@cv@@YANABV_InputArray@1@_N@Z)
templatematch.obj : error LNK2001: unresolved external symbol "double __cdecl cv::contourArea(class cv::_InputArray const &,bool)" (?contourArea@cv@@YANABV_InputArray@1@_N@Z)
getsegments.obj : error LNK2019: unresolved external symbol "bool __cdecl cv::isContourConvex(class cv::_InputArray const &)" (?isContourConvex@cv@@YA_NABV_InputArray@1@@Z) referenced in function "public: void __thiscall getsegments::findContour(class cv::Mat,class cv::Mat,class cv::Mat)" (?findContour@getsegments@@QAEXVMat@cv@@00@Z)
getsegments.obj : error LNK2019: unresolved external symbol "void __cdecl cv::line(class cv::_InputOutputArray const &,class cv::Point_<int>,class cv::Point_<int>,class cv::Scalar_<double> const &,int,int,int)" (?line@cv@@YAXABV_InputOutputArray@1@V?$Point_@H@1@1ABV?$Scalar_@N@1@HHH@Z) referenced in function "public: void __thiscall getsegments::findContour(class cv::Mat,class cv::Mat,class cv::Mat)" (?findContour@getsegments@@QAEXVMat@cv@@00@Z)
imadjust.obj : error LNK2019: unresolved external symbol "public: void __thiscall cv::Mat::convertTo(class cv::_OutputArray const &,int,double,double)const " (?convertTo@Mat@cv@@QBEXABV_OutputArray@2@HNN@Z) referenced in function "public: class cv::Mat_<bool> & __thiscall cv::Mat_<bool>::operator=(class cv::Mat &&)" (??4?$Mat_@_N@cv@@QAEAAV01@$$QAVMat@1@@Z)
templatematch.obj : error LNK2001: unresolved external symbol "public: void __thiscall cv::Mat::convertTo(class cv::_OutputArray const &,int,double,double)const " (?convertTo@Mat@cv@@QBEXABV_OutputArray@2@HNN@Z)
imadjust.obj : error LNK2019: unresolved external symbol "public: class cv::Mat __thiscall cv::Mat::reshape(int,int,int const *)const " (?reshape@Mat@cv@@QBE?AV12@HHPBH@Z) referenced in function "public: class cv::Mat_<bool> & __thiscall cv::Mat_<bool>::operator=(class cv::Mat &&)" (??4?$Mat_@_N@cv@@QAEAAV01@$$QAVMat@1@@Z)
templatematch.obj : error LNK2001: unresolved external symbol "public: class cv::Mat __thiscall cv::Mat::reshape(int,int,int const *)const " (?reshape@Mat@cv@@QBE?AV12@HHPBH@Z)
imadjust.obj : error LNK2019: unresolved external symbol "public: void __thiscall cv::Mat::create(int,int const *,int)" (?create@Mat@cv@@QAEXHPBHH@Z) referenced in function "public: void __thiscall cv::Mat::create(int,int,int)" (?create@Mat@cv@@QAEXHHH@Z)
templatematch.obj : error LNK2001: unresolved external symbol "public: void __thiscall cv::Mat::create(int,int const *,int)" (?create@Mat@cv@@QAEXHPBHH@Z)
imadjust.obj : error LNK2019: unresolved external symbol "public: void __thiscall cv::MatConstIterator::seek(int,bool)" (?seek@MatConstIterator@cv@@QAEXH_N@Z) referenced in function "public: class cv::MatConstIterator & __thiscall cv::MatConstIterator::operator++(void)" (??EMatConstIterator@cv@@QAEAAV01@XZ)
templatematch.obj : error LNK2001: unresolved external symbol "public: void __thiscall cv::MatConstIterator::seek(int,bool)" (?seek@MatConstIterator@cv@@QAEXH_N@Z)
imadjust.obj : error LNK2019: unresolved external symbol "public: void __thiscall cv::MatConstIterator::seek(int const *,bool)" (?seek@MatConstIterator@cv@@QAEXPBH_N@Z) referenced in function "public: __thiscall cv::MatConstIterator::MatConstIterator(class cv::Mat const *)" (??0MatConstIterator@cv@@QAE@PBVMat@1@@Z)
templatematch.obj : error LNK2001: unresolved external symbol "public: void __thiscall cv::MatConstIterator::seek(int const *,bool)" (?seek@MatConstIterator@cv@@QAEXPBH_N@Z)
imadjust.obj : error LNK2019: unresolved external symbol "class cv::MatExpr __cdecl cv::operator>(class cv::Mat const &,double)" (??Ocv@@YA?AVMatExpr@0@ABVMat@0@N@Z) referenced in function "public: class cv::Mat __thiscall imadjust::imThresh(class cv::Mat &,bool)" (?imThresh@imadjust@@QAE?AVMat@cv@@AAV23@_N@Z)
imadjust.obj : error LNK2019: unresolved external symbol "void __cdecl cv::convertScaleAbs(class cv::_InputArray const &,class cv::_OutputArray const &,double,double)" (?convertScaleAbs@cv@@YAXABV_InputArray@1@ABV_OutputArray@1@NN@Z) referenced in function "public: class cv::Mat __thiscall imadjust::imThresh(class cv::Mat &,bool)" (?imThresh@imadjust@@QAE?AVMat@cv@@AAV23@_N@Z)
imadjust.obj : error LNK2019: unresolved external symbol "void __cdecl cv::minMaxLoc(class cv::_InputArray const &,double *,double *,class cv::Point_<int> *,class cv::Point_<int> *,class cv::_InputArray const &)" (?minMaxLoc@cv@@YAXABV_InputArray@1@PAN1PAV?$Point_@H@1@20@Z) referenced in function "public: class cv::Mat __thiscall imadjust::imThresh(class cv::Mat &,bool)" (?imThresh@imadjust@@QAE?AVMat@cv@@AAV23@_N@Z)
imadjust.obj : error LNK2019: unresolved external symbol "void __cdecl cv::bitwise_and(class cv::_InputArray const &,class cv::_InputArray const &,class cv::_OutputArray const &,class cv::_InputArray const &)" (?bitwise_and@cv@@YAXABV_InputArray@1@0ABV_OutputArray@1@0@Z) referenced in function "public: class cv::Mat __thiscall imadjust::RemoveStandAlonePixels(class cv::Mat &)" (?RemoveStandAlonePixels@imadjust@@QAE?AVMat@cv@@AAV23@@Z)
imadjust.obj : error LNK2019: unresolved external symbol "void __cdecl cv::GaussianBlur(class cv::_InputArray const &,class cv::_OutputArray const &,class cv::Size_<int>,double,double,int)" (?GaussianBlur@cv@@YAXABV_InputArray@1@ABV_OutputArray@1@V?$Size_@H@1@NNH@Z) referenced in function "public: class cv::Mat __thiscall imadjust::imThresh(class cv::Mat &,bool)" (?imThresh@imadjust@@QAE?AVMat@cv@@AAV23@_N@Z)
imadjust.obj : error LNK2019: unresolved external symbol "void __cdecl cv::filter2D(class cv::_InputArray const &,class cv::_OutputArray const &,int,class cv::_InputArray const &,class cv::Point_<int>,double,int)" (?filter2D@cv@@YAXABV_InputArray@1@ABV_OutputArray@1@H0V?$Point_@H@1@NH@Z) referenced in function "public: class cv::Mat __thiscall imadjust::RemoveStandAlonePixels(class cv::Mat &)" (?RemoveStandAlonePixels@imadjust@@QAE?AVMat@cv@@AAV23@@Z)
imadjust.obj : error LNK2019: unresolved external symbol "void __cdecl cv::Laplacian(class cv::_InputArray const &,class cv::_OutputArray const &,int,int,double,double,int)" (?Laplacian@cv@@YAXABV_InputArray@1@ABV_OutputArray@1@HHNNH@Z) referenced in function "public: class cv::Mat __thiscall imadjust::imThresh(class cv::Mat &,bool)" (?imThresh@imadjust@@QAE?AVMat@cv@@AAV23@_N@Z)
imadjust.obj : error LNK2019: unresolved external symbol "void __cdecl cv::Canny(class cv::_InputArray const &,class cv::_OutputArray const &,double,double,int,bool)" (?Canny@cv@@YAXABV_InputArray@1@ABV_OutputArray@1@NNH_N@Z) referenced in function "public: class cv::Mat __thiscall imadjust::imThresh(class cv::Mat &,bool)" (?imThresh@imadjust@@QAE?AVMat@cv@@AAV23@_N@Z)
imadjust.obj : error LNK2019: unresolved external symbol "void __cdecl cv::calcHist(class cv::Mat const *,int,int const *,class cv::_InputArray const &,class cv::_OutputArray const &,int,int const *,float const * *,bool,bool)" (?calcHist@cv@@YAXPBVMat@1@HPBHABV_InputArray@1@ABV_OutputArray@1@H1PAPBM_N5@Z) referenced in function "public: double __thiscall imadjust::medianMat(class cv::Mat)" (?medianMat@imadjust@@QAENVMat@cv@@@Z)
imadjust.obj : error LNK2019: unresolved external symbol "void __cdecl cv::equalizeHist(class cv::_InputArray const &,class cv::_OutputArray const &)" (?equalizeHist@cv@@YAXABV_InputArray@1@ABV_OutputArray@1@@Z) referenced in function "public: class cv::Mat __thiscall imadjust::imThresh(class cv::Mat &,bool)" (?imThresh@imadjust@@QAE?AVMat@cv@@AAV23@_N@Z)
main.obj : error LNK2019: unresolved external symbol "public: __thiscall cv::VideoCapture::VideoCapture(void)" (??0VideoCapture@cv@@QAE@XZ) referenced in function _main
main.obj : error LNK2019: unresolved external symbol "public: virtual __thiscall cv::VideoCapture::~VideoCapture(void)" (??1VideoCapture@cv@@UAE@XZ) referenced in function _main
main.obj : error LNK2019: unresolved external symbol "public: virtual bool __thiscall cv::VideoCapture::open(int)" (?open@VideoCapture@cv@@UAE_NH@Z) referenced in function _main
main.obj : error LNK2019: unresolved external symbol "public: virtual bool __thiscall cv::VideoCapture::isOpened(void)const " (?isOpened@VideoCapture@cv@@UBE_NXZ) referenced in function _main
main.obj : error LNK2019: unresolved external symbol "public: virtual bool __thiscall cv::VideoCapture::set(int,double)" (?set@VideoCapture@cv@@UAE_NHN@Z) referenced in function _main
main.obj : error LNK2019: unresolved external symbol "public: virtual double __thiscall cv::VideoCapture::get(int)const " (?get@VideoCapture@cv@@UBENH@Z) referenced in function _main
main.obj : error LNK2019: unresolved external symbol "void __cdecl cv::namedWindow(class cv::String const &,int)" (?namedWindow@cv@@YAXABVString@1@H@Z) referenced in function _main
main.obj : error LNK2019: unresolved external symbol "void __cdecl cv::destroyAllWindows(void)" (?destroyAllWindows@cv@@YAXXZ) referenced in function _main
main.obj : error LNK2019: unresolved external symbol "int __cdecl cv::waitKey(int)" (?waitKey@cv@@YAHH@Z) referenced in function _main
main.obj : error LNK2019: unresolved external symbol "void __cdecl cv::imshow(class cv::String const &,class cv::_InputArray const &)" (?imshow@cv@@YAXABVString@1@ABV_InputArray@1@@Z) referenced in function _main
mark.obj : error LNK2001: unresolved external symbol "void __cdecl cv::imshow(class cv::String const &,class cv::_InputArray const &)" (?imshow@cv@@YAXABVString@1@ABV_InputArray@1@@Z)
mark.obj : error LNK2019: unresolved external symbol "void __cdecl cv::normalize(class cv::_InputArray const &,class cv::_InputOutputArray const &,double,double,int,int,class cv::_InputArray const &)" (?normalize@cv@@YAXABV_InputArray@1@ABV_InputOutputArray@1@NNHH0@Z) referenced in function "public: class cv::Mat __thiscall mark::getResized(class cv::Size_<int>)" (?getResized@mark@@QAE?AVMat@cv@@V?$Size_@H@3@@Z)
segments.obj : error LNK2001: unresolved external symbol "void __cdecl cv::normalize(class cv::_InputArray const &,class cv::_InputOutputArray const &,double,double,int,int,class cv::_InputArray const &)" (?normalize@cv@@YAXABV_InputArray@1@ABV_InputOutputArray@1@NNHH0@Z)
mark.obj : error LNK2019: unresolved external symbol "void __cdecl cv::resize(class cv::_InputArray const &,class cv::_OutputArray const &,class cv::Size_<int>,double,double,int)" (?resize@cv@@YAXABV_InputArray@1@ABV_OutputArray@1@V?$Size_@H@1@NNH@Z) referenced in function "public: class cv::Mat __thiscall mark::getResized(class cv::Size_<int>)" (?getResized@mark@@QAE?AVMat@cv@@V?$Size_@H@3@@Z)
segments.obj : error LNK2001: unresolved external symbol "void __cdecl cv::resize(class cv::_InputArray const &,class cv::_OutputArray const &,class cv::Size_<int>,double,double,int)" (?resize@cv@@YAXABV_InputArray@1@ABV_OutputArray@1@V?$Size_@H@1@NNH@Z)
segments.obj : error LNK2019: unresolved external symbol "double __cdecl cv::threshold(class cv::_InputArray const &,class cv::_OutputArray const &,double,double,int)" (?threshold@cv@@YANABV_InputArray@1@ABV_OutputArray@1@NNH@Z) referenced in function "public: __thiscall segment::segment(class cv::Mat &,class std::vector<class cv::Point_<float>,class std::allocator<class cv::Point_<float> > >)" (??0segment@@QAE@AAVMat@cv@@V?$vector@V?$Point_@M@cv@@V?$allocator@V?$Point_@M@cv@@@std@@@std@@@Z)
templatematch.obj : error LNK2019: unresolved external symbol "void __cdecl cv::flip(class cv::_InputArray const &,class cv::_OutputArray const &,int)" (?flip@cv@@YAXABV_InputArray@1@ABV_OutputArray@1@H@Z) referenced in function "public: void __thiscall templatematch::rot90(class mark &,int)" (?rot90@templatematch@@QAEXAAVmark@@H@Z)
templatematch.obj : error LNK2019: unresolved external symbol "void __cdecl cv::transpose(class cv::_InputArray const &,class cv::_OutputArray const &)" (?transpose@cv@@YAXABV_InputArray@1@ABV_OutputArray@1@@Z) referenced in function "public: void __thiscall templatematch::rot90(class mark &,int)" (?rot90@templatematch@@QAEXAAVmark@@H@Z)
templatematch.obj : error LNK2019: unresolved external symbol "class cv::Rect_<int> __cdecl cv::boundingRect(class cv::_InputArray const &)" (?boundingRect@cv@@YA?AV?$Rect_@H@1@ABV_InputArray@1@@Z) referenced in function "public: void __thiscall templatematch::DrawFinded(class cv::Mat &)" (?DrawFinded@templatematch@@QAEXAAVMat@cv@@@Z)
templatematch.obj : error LNK2019: unresolved external symbol "void __cdecl cv::rectangle(class cv::Mat &,class cv::Rect_<int>,class cv::Scalar_<double> const &,int,int,int)" (?rectangle@cv@@YAXAAVMat@1@V?$Rect_@H@1@ABV?$Scalar_@N@1@HHH@Z) referenced in function "public: void __thiscall templatematch::DrawFinded(class cv::Mat &)" (?DrawFinded@templatematch@@QAEXAAVMat@cv@@@Z)
templatematch.obj : error LNK2019: unresolved external symbol "void __cdecl cv::putText(class cv::_InputOutputArray const &,class cv::String const &,class cv::Point_<int>,int,double,class cv::Scalar_<double>,int,int,bool)" (?putText@cv@@YAXABV_InputOutputArray@1@ABVString@1@V?$Point_@H@1@HNV?$Scalar_@N@1@HH_N@Z) referenced in function "public: void __thiscall templatematch::DrawFinded(class cv::Mat &)" (?DrawFinded@templatematch@@QAEXAAVMat@cv@@@Z)
templatematch.obj : error LNK2019: unresolved external symbol "class cv::Size_<int> __cdecl cv::getTextSize(class cv::String const &,int,double,int,int *)" (?getTextSize@cv@@YA?AV?$Size_@H@1@ABVString@1@HNHPAH@Z) referenced in function "public: void __thiscall templatematch::DrawFinded(class cv::Mat &)" (?DrawFinded@templatematch@@QAEXAAVMat@cv@@@Z)
C:\Maros\Vysoka skola\Diplomka\PrilohyDP\CubeVS2015\Debug\Cube.exe : fatal error LNK1120: 55 unresolved externals
